d:\mina project\ladabot source\hooker\debug\vc141.pdb
d:\mina project\ladabot source\hooker\debug\vc141.idb
d:\mina project\ladabot source\hooker\debug\constant.obj
d:\mina project\ladabot source\hooker\debug\core.obj
d:\mina project\ladabot source\hooker\debug\packet.obj
d:\mina project\ladabot source\debug\hooker.dll
d:\mina project\ladabot source\debug\hooker.ilk
d:\mina project\ladabot source\debug\hooker.pdb
d:\mina project\ladabot source\hooker\debug\core.obj.enc
d:\mina project\ladabot source\hooker\debug\vc120.idb
d:\mina project\ladabot source\hooker\debug\vc140.idb
d:\mina project\ladabot source\hooker\debug\vc120.pdb
d:\mina project\ladabot source\hooker\debug\vc140.pdb
d:\mina project\ladabot source\hooker\..\debug\hooker.dll
d:\mina project\ladabot source\hooker\debug\hooker.tlog\cl.command.1.tlog
d:\mina project\ladabot source\hooker\debug\hooker.tlog\cl.read.1.tlog
d:\mina project\ladabot source\hooker\debug\hooker.tlog\cl.write.1.tlog
d:\mina project\ladabot source\hooker\debug\hooker.tlog\link.command.1.tlog
d:\mina project\ladabot source\hooker\debug\hooker.tlog\link.delete.1.tlog
d:\mina project\ladabot source\hooker\debug\hooker.tlog\link.read.1.tlog
d:\mina project\ladabot source\hooker\debug\hooker.tlog\link.write.1.tlog
